<?xml version="1.0" encoding="UTF-8"?>
<testsuite name="coin_collector.TestPosition" tests="3" skipped="0" failures="0" errors="0" timestamp="2022-01-24T19:16:12" hostname="Legion5" time="0.375">
  <properties/>
  <testcase name="testGetters" classname="coin_collector.TestPosition" time="0.218"/>
  <testcase name="testEquals" classname="coin_collector.TestPosition" time="0.077"/>
  <testcase name="testSetters" classname="coin_collector.TestPosition" time="0.079"/>
  <system-out><![CDATA[timestamp = 2022-01-24T19:16:12.925443928, TestPosition:testGetters = 
                              |-------------------jqwik-------------------
tries = 1000                  | # of calls to property
checks = 1000                 | # of not rejected calls
generation = RANDOMIZED       | parameters are randomly generated
after-failure = PREVIOUS_SEED | use the previous seed
when-fixed-seed = ALLOW       | fixing the random seed is allowed
edge-cases#mode = MIXIN       | edge cases are mixed in
edge-cases#total = 81         | # of all combined edge cases
edge-cases#tried = 78         | # of edge cases tried in current run
seed = 8900363916133048149    | random seed to reproduce generated values


timestamp = 2022-01-24T19:16:13.007009316, TestPosition:testEquals = 
                              |-------------------jqwik-------------------
tries = 1000                  | # of calls to property
checks = 1000                 | # of not rejected calls
generation = RANDOMIZED       | parameters are randomly generated
after-failure = PREVIOUS_SEED | use the previous seed
when-fixed-seed = ALLOW       | fixing the random seed is allowed
edge-cases#mode = MIXIN       | edge cases are mixed in
edge-cases#total = 81         | # of all combined edge cases
edge-cases#tried = 81         | # of edge cases tried in current run
seed = 4673774995490733368    | random seed to reproduce generated values


timestamp = 2022-01-24T19:16:13.086549887, TestPosition:testSetters = 
                              |-------------------jqwik-------------------
tries = 1000                  | # of calls to property
checks = 1000                 | # of not rejected calls
generation = RANDOMIZED       | parameters are randomly generated
after-failure = PREVIOUS_SEED | use the previous seed
when-fixed-seed = ALLOW       | fixing the random seed is allowed
edge-cases#mode = MIXIN       | edge cases are mixed in
edge-cases#total = 64         | # of all combined edge cases
edge-cases#tried = 64         | # of edge cases tried in current run
seed = -8491884138027569084   | random seed to reproduce generated values


]]></system-out>
  <system-err><![CDATA[]]></system-err>
</testsuite>
